<?xml version="1.0" encoding="UTF-8"?>
<testng-results ignored="0" total="2" passed="2" failed="0" skipped="0">
  <reporter-output>
  </reporter-output>
  <suite started-at="2023-02-03T17:00:49 BDT" name="Suite" finished-at="2023-02-03T17:01:37 BDT" duration-ms="47933">
    <groups>
    </groups>
    <test started-at="2023-02-03T17:00:49 BDT" name="Registration_Test" finished-at="2023-02-03T17:01:12 BDT" duration-ms="22784">
      <class name="registration_Process.Register">
        <test-method is-config="true" signature="initialize()[pri:0, instance:registration_Process.Register@21b2e768]" started-at="2023-02-03T17:00:49 BDT" name="initialize" finished-at="2023-02-03T17:00:55 BDT" duration-ms="5818" status="PASS">
          <reporter-output>
          </reporter-output>
        </test-method> <!-- initialize -->
        <test-method signature="register()[pri:0, instance:registration_Process.Register@21b2e768]" started-at="2023-02-03T17:00:55 BDT" name="register" finished-at="2023-02-03T17:00:56 BDT" duration-ms="720" status="PASS">
          <reporter-output>
          </reporter-output>
        </test-method> <!-- register -->
        <test-method is-config="true" signature="closeBrowser()[pri:0, instance:registration_Process.Register@21b2e768]" started-at="2023-02-03T17:00:56 BDT" name="closeBrowser" finished-at="2023-02-03T17:01:12 BDT" duration-ms="16217" status="PASS">
          <reporter-output>
          </reporter-output>
        </test-method> <!-- closeBrowser -->
      </class> <!-- registration_Process.Register -->
    </test> <!-- Registration_Test -->
    <test started-at="2023-02-03T17:01:12 BDT" name="Login_Test" finished-at="2023-02-03T17:01:37 BDT" duration-ms="25134">
      <class name="registration_Process.Login">
        <test-method is-config="true" signature="initalize()[pri:0, instance:registration_Process.Login@2525ff7e]" started-at="2023-02-03T17:01:12 BDT" name="initalize" finished-at="2023-02-03T17:01:17 BDT" duration-ms="5334" status="PASS">
          <reporter-output>
          </reporter-output>
        </test-method> <!-- initalize -->
        <test-method signature="login()[pri:0, instance:registration_Process.Login@2525ff7e]" started-at="2023-02-03T17:01:17 BDT" name="login" finished-at="2023-02-03T17:01:21 BDT" duration-ms="3626" status="PASS">
          <reporter-output>
          </reporter-output>
        </test-method> <!-- login -->
        <test-method is-config="true" signature="closeBrower()[pri:0, instance:registration_Process.Login@2525ff7e]" started-at="2023-02-03T17:01:21 BDT" name="closeBrower" finished-at="2023-02-03T17:01:37 BDT" duration-ms="16172" status="PASS">
          <reporter-output>
          </reporter-output>
        </test-method> <!-- closeBrower -->
      </class> <!-- registration_Process.Login -->
    </test> <!-- Login_Test -->
  </suite> <!-- Suite -->
</testng-results>
